<?xml version="1.0" encoding="UTF-8"?>
<testng-results ignored="0" total="2" passed="2" failed="0" skipped="0">
  <reporter-output>
  </reporter-output>
  <suite started-at="2023-07-19T16:59:55 IST" name="Suite" finished-at="2023-07-19T17:01:20 IST" duration-ms="85619">
    <groups>
    </groups>
    <test started-at="2023-07-19T16:59:55 IST" name="Test" finished-at="2023-07-19T17:01:20 IST" duration-ms="85619">
      <class name="Demo.facebooksignupPage">
        <test-method signature="f()[pri:0, instance:Demo.facebooksignupPage@52719fb6]" started-at="2023-07-19T16:59:55 IST" name="f" finished-at="2023-07-19T17:00:15 IST" duration-ms="20450" status="PASS">
          <reporter-output>
          </reporter-output>
        </test-method> <!-- f -->
      </class> <!-- Demo.facebooksignupPage -->
      <class name="Demo.facebbokcreateacntPage">
        <test-method signature="f()[pri:0, instance:Demo.facebbokcreateacntPage@45099dd3]" started-at="2023-07-19T17:00:15 IST" name="f" finished-at="2023-07-19T17:01:20 IST" duration-ms="65085" status="PASS">
          <reporter-output>
          </reporter-output>
        </test-method> <!-- f -->
      </class> <!-- Demo.facebbokcreateacntPage -->
    </test> <!-- Test -->
  </suite> <!-- Suite -->
</testng-results>
